Using pre-set license
Built from '2022.3/staging' branch; Version is '2022.3.19f1 (244b723c30a6) revision 2378610'; Using compiler version '192829333'; Build Type 'Release'
OS: 'Windows 10  (10.0.19045) 64bit Professional' Language: 'ru' Physical Memory: 32610 MB
BatchMode: 1, IsHumanControllingUs: 0, StartBugReporterOnCrash: 0, Is64bit: 1, IsPro: 1

COMMAND LINE ARGUMENTS:
C:\Program Files\Unity\Hub\Editor\Unity 2022.3.19f1\2022.3.19f1\Editor\Unity.exe
-adb2
-batchMode
-noUpm
-name
AssetImportWorker0
-projectPath
C:/Users/B-ZONE/Packman
-logFile
Logs/AssetImportWorker0.log
-srvPort
63461
Successfully changed project path to: C:/Users/B-ZONE/Packman
C:/Users/B-ZONE/Packman
[UnityMemory] Configuration Parameters - Can be set up in boot.config
    "memorysetup-bucket-allocator-granularity=16"
    "memorysetup-bucket-allocator-bucket-count=8"
    "memorysetup-bucket-allocator-block-size=33554432"
    "memorysetup-bucket-allocator-block-count=8"
    "memorysetup-main-allocator-block-size=16777216"
    "memorysetup-thread-allocator-block-size=16777216"
    "memorysetup-gfx-main-allocator-block-size=16777216"
    "memorysetup-gfx-thread-allocator-block-size=16777216"
    "memorysetup-cache-allocator-block-size=4194304"
    "memorysetup-typetree-allocator-block-size=2097152"
    "memorysetup-profiler-bucket-allocator-granularity=16"
    "memorysetup-profiler-bucket-allocator-bucket-count=8"
    "memorysetup-profiler-bucket-allocator-block-size=33554432"
    "memorysetup-profiler-bucket-allocator-block-count=8"
    "memorysetup-profiler-allocator-block-size=16777216"
    "memorysetup-profiler-editor-allocator-block-size=1048576"
    "memorysetup-temp-allocator-size-main=16777216"
    "memorysetup-job-temp-allocator-block-size=2097152"
    "memorysetup-job-temp-allocator-block-size-background=1048576"
    "memorysetup-job-temp-allocator-reduction-small-platforms=262144"
    "memorysetup-allocator-temp-initial-block-size-main=262144"
    "memorysetup-allocator-temp-initial-block-size-worker=262144"
    "memorysetup-temp-allocator-size-background-worker=32768"
    "memorysetup-temp-allocator-size-job-worker=262144"
    "memorysetup-temp-allocator-size-preload-manager=33554432"
    "memorysetup-temp-allocator-size-nav-mesh-worker=65536"
    "memorysetup-temp-allocator-size-audio-worker=65536"
    "memorysetup-temp-allocator-size-cloud-worker=32768"
    "memorysetup-temp-allocator-size-gi-baking-worker=262144"
    "memorysetup-temp-allocator-size-gfx=262144"
Player connection [9444] Host "[IP] 192.168.0.114 [Port] 0 [Flags] 2 [Guid] 1434848100 [EditorId] 1434848100 [Version] 1048832 [Id] WindowsEditor(7,DESKTOP-IPRQFUO) [Debug] 1 [PackageName] WindowsEditor [ProjectName] Editor" joined multi-casting on [225.0.0.222:54997]...

Player connection [9444] Host "[IP] 192.168.0.114 [Port] 0 [Flags] 2 [Guid] 1434848100 [EditorId] 1434848100 [Version] 1048832 [Id] WindowsEditor(7,DESKTOP-IPRQFUO) [Debug] 1 [PackageName] WindowsEditor [ProjectName] Editor" joined alternative multi-casting on [225.0.0.222:34997]...

[Physics::Module] Initialized MultithreadedJobDispatcher with 11 workers.
Refreshing native plugins compatible for Editor in 6.05 ms, found 3 plugins.
Preloading 0 native plugins for Editor in 0.00 ms.
Initialize engine version: 2022.3.19f1 (244b723c30a6)
[Subsystems] Discovering subsystems at path C:/Program Files/Unity/Hub/Editor/Unity 2022.3.19f1/2022.3.19f1/Editor/Data/Resources/UnitySubsystems
[Subsystems] Discovering subsystems at path C:/Users/B-ZONE/Packman/Assets
GfxDevice: creating device client; threaded=0; jobified=0
Direct3D:
    Version:  Direct3D 11.0 [level 11.1]
    Renderer: NVIDIA GeForce RTX 3070 Ti (ID=0x2482)
    Vendor:   NVIDIA
    VRAM:     8017 MB
    Driver:   32.0.15.6094
Initialize mono
Mono path[0] = 'C:/Program Files/Unity/Hub/Editor/Unity 2022.3.19f1/2022.3.19f1/Editor/Data/Managed'
Mono path[1] = 'C:/Program Files/Unity/Hub/Editor/Unity 2022.3.19f1/2022.3.19f1/Editor/Data/MonoBleedingEdge/lib/mono/unityjit-win32'
Mono config path = 'C:/Program Files/Unity/Hub/Editor/Unity 2022.3.19f1/2022.3.19f1/Editor/Data/MonoBleedingEdge/etc'
Using monoOptions --debugger-agent=transport=dt_socket,embedding=1,server=y,suspend=n,address=127.0.0.1:56332
Begin MonoManager ReloadAssembly
Registering precompiled unity dll's ...
Register platform support module: C:/Program Files/Unity/Hub/Editor/Unity 2022.3.19f1/2022.3.19f1/Editor/Data/PlaybackEngines/WebGLSupport/UnityEditor.WebGL.Extensions.dll
Register platform support module: C:/Program Files/Unity/Hub/Editor/Unity 2022.3.19f1/2022.3.19f1/Editor/Data/PlaybackEngines/WindowsStandaloneSupport/UnityEditor.WindowsStandalone.Extensions.dll
Registered in 0.009310 seconds.
- Loaded All Assemblies, in  0.271 seconds
Native extension for WindowsStandalone target not found
Native extension for WebGL target not found
Mono: successfully reloaded assembly
- Finished resetting the current domain, in  0.215 seconds
Domain Reload Profiling: 485ms
	BeginReloadAssembly (84ms)
		ExecutionOrderSort (0ms)
		DisableScriptedObjects (0ms)
		BackupInstance (0ms)
		ReleaseScriptingObjects (0ms)
		CreateAndSetChildDomain (1ms)
	RebuildCommonClasses (25ms)
	RebuildNativeTypeToScriptingClass (7ms)
	initialDomainReloadingComplete (48ms)
	LoadAllAssembliesAndSetupDomain (105ms)
		LoadAssemblies (82ms)
		RebuildTransferFunctionScriptingTraits (0ms)
		AnalyzeDomain (104ms)
			TypeCache.Refresh (103ms)
				TypeCache.ScanAssembly (92ms)
			ScanForSourceGeneratedMonoScriptInfo (0ms)
			ResolveRequiredComponents (0ms)
	FinalizeReload (215ms)
		ReleaseScriptCaches (0ms)
		RebuildScriptCaches (0ms)
		SetupLoadedEditorAssemblies (172ms)
			LogAssemblyErrors (0ms)
			InitializePlatformSupportModulesInManaged (9ms)
			SetLoadedEditorAssemblies (5ms)
			RefreshPlugins (0ms)
			BeforeProcessingInitializeOnLoad (2ms)
			ProcessInitializeOnLoadAttributes (117ms)
			ProcessInitializeOnLoadMethodAttributes (40ms)
			AfterProcessingInitializeOnLoad (0ms)
			EditorAssembliesLoaded (0ms)
		ExecutionOrderSort2 (0ms)
		AwakeInstancesAfterBackupRestoration (0ms)
========================================================================
Worker process is ready to serve import requests
Begin MonoManager ReloadAssembly
- Loaded All Assemblies, in  0.525 seconds
Refreshing native plugins compatible for Editor in 2.57 ms, found 3 plugins.
Native extension for WindowsStandalone target not found
Native extension for WebGL target not found
Package Manager log level set to [2]
[Package Manager] Server::EnsureServerProcessIsRunning -- launch failed, reason: Unity was launched with the -noUpm command-line argument
[Package Manager] UpmClient::Send -- Unable to send message (not connected to UPM process).
[Package Manager] Cannot connect to Unity Package Manager local server
Mono: successfully reloaded assembly
- Finished resetting the current domain, in  0.484 seconds
Domain Reload Profiling: 1006ms
	BeginReloadAssembly (134ms)
		ExecutionOrderSort (0ms)
		DisableScriptedObjects (4ms)
		BackupInstance (0ms)
		ReleaseScriptingObjects (0ms)
		CreateAndSetChildDomain (20ms)
	RebuildCommonClasses (27ms)
	RebuildNativeTypeToScriptingClass (8ms)
	initialDomainReloadingComplete (41ms)
	LoadAllAssembliesAndSetupDomain (312ms)
		LoadAssemblies (256ms)
		RebuildTransferFunctionScriptingTraits (0ms)
		AnalyzeDomain (136ms)
			TypeCache.Refresh (122ms)
				TypeCache.ScanAssembly (111ms)
			ScanForSourceGeneratedMonoScriptInfo (11ms)
			ResolveRequiredComponents (3ms)
	FinalizeReload (484ms)
		ReleaseScriptCaches (0ms)
		RebuildScriptCaches (0ms)
		SetupLoadedEditorAssemblies (365ms)
			LogAssemblyErrors (0ms)
			InitializePlatformSupportModulesInManaged (8ms)
			SetLoadedEditorAssemblies (4ms)
			RefreshPlugins (0ms)
			BeforeProcessingInitializeOnLoad (54ms)
			ProcessInitializeOnLoadAttributes (271ms)
			ProcessInitializeOnLoadMethodAttributes (21ms)
			AfterProcessingInitializeOnLoad (8ms)
			EditorAssembliesLoaded (0ms)
		ExecutionOrderSort2 (0ms)
		AwakeInstancesAfterBackupRestoration (5ms)
Launched and connected shader compiler UnityShaderCompiler.exe after 0.04 seconds
Refreshing native plugins compatible for Editor in 3.00 ms, found 3 plugins.
Preloading 0 native plugins for Editor in 0.00 ms.
Unloading 3083 Unused Serialized files (Serialized files now loaded: 0)
Unloading 32 unused Assets / (57.0 KB). Loaded Objects now: 3544.
Memory consumption went from 122.4 MB to 122.4 MB.
Total: 2.501200 ms (FindLiveObjects: 0.182100 ms CreateObjectMapping: 0.105400 ms MarkObjects: 2.129200 ms  DeleteObjects: 0.083300 ms)

AssetImportParameters requested are different than current active one (requested -> active):
  custom:container-demuxer-ogg: 62fdf1f143b41e24485cea50d1cbac27 -> 
  custom:video-decoder-ogg-theora: a1e56fd34408186e4bbccfd4996cb3dc -> 
  custom:framework-win-MediaFoundation: 216162199b28c13a410421893ffa2e32 -> 
  custom:CustomObjectIndexerAttribute: 6d391050e5a25f67b0a2c618074f2cd9 -> 
  custom:container-demuxer-webm: 4f35f7cbe854078d1ac9338744f61a02 -> 
  custom:container-muxer-webm: aa71ff27fc2769a1b78a27578f13a17b -> 
  custom:video-decoder-webm-vp8: 9c59270c3fd7afecdb556c50c9e8de78 -> 
  custom:SearchIndexIgnoredProperties: e643bd26f0fe6173181afceb89e7c659 -> 
  custom:AudioImporter_EditorPlatform: d09bf68614088b80899f8185d706f6e7 -> 
  custom:video-encoder-webm-vp8: eb34c28f22e8b96e1ab97ce403110664 -> 
  custom:audio-decoder-ogg-vorbis: bf7c407c2cedff20999df2af8eb42d56 -> 
  custom:audio-encoder-webm-vorbis: bf7c407c2cedff20999df2af8eb42d56 -> 
========================================================================
Received Import Request.
  Time since last request: 20916.670934 seconds.
  path: Assets/Prefabs
  artifactKey: Guid(7db8053b6e6b95548b08e3ef9deb06f7) Importer(815301076,1909f56bfc062723c751e8b465ee728b)
Start importing Assets/Prefabs using Guid(7db8053b6e6b95548b08e3ef9deb06f7) Importer(815301076,1909f56bfc062723c751e8b465ee728b)  -> (artifact id: '203d304377a176985456c98f6aa958cc') in 0.003760 seconds
Number of updated asset objects reloaded before import = 0
Number of asset objects unloaded after import = 0
========================================================================
Received Import Request.
  Time since last request: 8.877538 seconds.
  path: Assets/Prefabs/model.gltf
  artifactKey: Guid(154e692b35a104b4e9cb32dfb5758126) Importer(815301076,1909f56bfc062723c751e8b465ee728b)
Start importing Assets/Prefabs/model.gltf using Guid(154e692b35a104b4e9cb32dfb5758126) Importer(815301076,1909f56bfc062723c751e8b465ee728b)  -> (artifact id: 'ad9685b74547f5aea4fe5bc040ced4ab') in 0.014078 seconds
Number of updated asset objects reloaded before import = 0
Number of asset objects unloaded after import = 1
========================================================================
Received Import Request.
  Time since last request: 96.420905 seconds.
  path: Assets/Prefabs/tree_frog.glb
  artifactKey: Guid(5042469bcaf1c9948ac477eb5598a197) Importer(815301076,1909f56bfc062723c751e8b465ee728b)
Start importing Assets/Prefabs/tree_frog.glb using Guid(5042469bcaf1c9948ac477eb5598a197) Importer(815301076,1909f56bfc062723c751e8b465ee728b)  -> (artifact id: '925dc837951ba4c562a67128e92138e1') in 0.001117 seconds
Number of updated asset objects reloaded before import = 0
Number of asset objects unloaded after import = 1
========================================================================
Received Import Request.
  Time since last request: 39.050024 seconds.
  path: Assets/Prefabs/scene.gltf
  artifactKey: Guid(89df47e2235376e45b9f15f3562e13b6) Importer(815301076,1909f56bfc062723c751e8b465ee728b)
Start importing Assets/Prefabs/scene.gltf using Guid(89df47e2235376e45b9f15f3562e13b6) Importer(815301076,1909f56bfc062723c751e8b465ee728b)  -> (artifact id: 'e5309a6aef39114fd5e874ba12c8d832') in 0.000802 seconds
Number of updated asset objects reloaded before import = 0
Number of asset objects unloaded after import = 1
========================================================================
Received Import Request.
  Time since last request: 35.347733 seconds.
  path: Assets/Prefabs/Tree_frog.usdz
  artifactKey: Guid(7c1e1bec58257c34bb3ba878d4376637) Importer(815301076,1909f56bfc062723c751e8b465ee728b)
Start importing Assets/Prefabs/Tree_frog.usdz using Guid(7c1e1bec58257c34bb3ba878d4376637) Importer(815301076,1909f56bfc062723c751e8b465ee728b)  -> (artifact id: '73fc74364c6b71adade183d30fcd77bd') in 0.000793 seconds
Number of updated asset objects reloaded before import = 0
Number of asset objects unloaded after import = 1
========================================================================
Received Import Request.
  Time since last request: 1218.376237 seconds.
  path: Assets/Prefabs/IGOR.obj
  artifactKey: Guid(cba3b23b59573a84d91a1fbb5951c709) Importer(815301076,1909f56bfc062723c751e8b465ee728b)
Start importing Assets/Prefabs/IGOR.obj using Guid(cba3b23b59573a84d91a1fbb5951c709) Importer(815301076,1909f56bfc062723c751e8b465ee728b)  -> (artifact id: '40dcaba46c0933d5f3c7e4e9733f934f') in 0.256962 seconds
Number of updated asset objects reloaded before import = 0
Number of asset objects unloaded after import = 10
========================================================================
Received Import Request.
  Time since last request: 194.606504 seconds.
  path: Assets/Prefabs/PurpleGuy.obj
  artifactKey: Guid(30998cebe3b35274d927bd1c5cfaadab) Importer(815301076,1909f56bfc062723c751e8b465ee728b)
Start importing Assets/Prefabs/PurpleGuy.obj using Guid(30998cebe3b35274d927bd1c5cfaadab) Importer(815301076,1909f56bfc062723c751e8b465ee728b)  -> (artifact id: 'cd48c0931026fa621995f6d092963447') in 0.021531 seconds
Number of updated asset objects reloaded before import = 0
Number of asset objects unloaded after import = 10
========================================================================
Received Import Request.
  Time since last request: 78.744948 seconds.
  path: Assets/Prefabs/Models
  artifactKey: Guid(d6b266a3f261d154d8bb9ba592e30dff) Importer(815301076,1909f56bfc062723c751e8b465ee728b)
Start importing Assets/Prefabs/Models using Guid(d6b266a3f261d154d8bb9ba592e30dff) Importer(815301076,1909f56bfc062723c751e8b465ee728b)  -> (artifact id: 'c817e93e51580d4a98309d110df6b828') in 0.000479 seconds
Number of updated asset objects reloaded before import = 0
Number of asset objects unloaded after import = 0
========================================================================
Received Import Request.
  Time since last request: 8.677484 seconds.
  path: Assets/Prefabs/IGOR.prefab
  artifactKey: Guid(e4171c2fdd802a8419a27e1de8f5e05a) Importer(815301076,1909f56bfc062723c751e8b465ee728b)
Start importing Assets/Prefabs/IGOR.prefab using Guid(e4171c2fdd802a8419a27e1de8f5e05a) Importer(815301076,1909f56bfc062723c751e8b465ee728b)  -> (artifact id: '3b0052757d914daeb97f0baf5634eb93') in 0.010104 seconds
Number of updated asset objects reloaded before import = 0
Number of asset objects unloaded after import = 21
========================================================================
Received Import Request.
  Time since last request: 1.601489 seconds.
  path: Assets/Prefabs/PurpleGuy.prefab
  artifactKey: Guid(1068d5a7135ec99429d323220788d787) Importer(815301076,1909f56bfc062723c751e8b465ee728b)
Start importing Assets/Prefabs/PurpleGuy.prefab using Guid(1068d5a7135ec99429d323220788d787) Importer(815301076,1909f56bfc062723c751e8b465ee728b)  -> (artifact id: '7508980f47594fe6a3642415e36c5962') in 0.012856 seconds
Number of updated asset objects reloaded before import = 0
Number of asset objects unloaded after import = 21
========================================================================
Received Import Request.
  Time since last request: 197.507714 seconds.
  path: Assets/model.jpg
  artifactKey: Guid(9f3bf38a5ef243545b0ec08c19407ec1) Importer(815301076,1909f56bfc062723c751e8b465ee728b)
Start importing Assets/model.jpg using Guid(9f3bf38a5ef243545b0ec08c19407ec1) Importer(815301076,1909f56bfc062723c751e8b465ee728b)  -> (artifact id: '0c71c84f59bfd601af7ef90dc6006870') in 0.022592 seconds
Number of updated asset objects reloaded before import = 0
Number of asset objects unloaded after import = 2
========================================================================
Received Import Request.
  Time since last request: 1.812209 seconds.
  path: Assets/model.obj
  artifactKey: Guid(d39c060a3f4ded54bb8c209f2492818d) Importer(815301076,1909f56bfc062723c751e8b465ee728b)
Start importing Assets/model.obj using Guid(d39c060a3f4ded54bb8c209f2492818d) Importer(815301076,1909f56bfc062723c751e8b465ee728b)  -> (artifact id: '33c854b7eef4b2e533bdf8fd1640485e') in 0.018044 seconds
Number of updated asset objects reloaded before import = 0
Number of asset objects unloaded after import = 10
========================================================================
Received Import Request.
  Time since last request: 20.709818 seconds.
  path: Assets/RGB_28ba88a8a0f249d2af65683d3bd7d73b_image-psd_-1-.png
  artifactKey: Guid(5bd31f54c2f3a204cae8e579a97d5388) Importer(815301076,1909f56bfc062723c751e8b465ee728b)
Start importing Assets/RGB_28ba88a8a0f249d2af65683d3bd7d73b_image-psd_-1-.png using Guid(5bd31f54c2f3a204cae8e579a97d5388) Importer(815301076,1909f56bfc062723c751e8b465ee728b)  -> (artifact id: '9c170a7be77b762b42215b74b863152c') in 0.014865 seconds
Number of updated asset objects reloaded before import = 0
Number of asset objects unloaded after import = 2
========================================================================
Received Import Request.
  Time since last request: 90.580928 seconds.
  path: Assets/Materials/RGB_28ba88a8a0f249d2af65683d3bd7d73b_image-psd_-1-.mat
  artifactKey: Guid(be3265a8aa8c7564a88c64ffca795024) Importer(815301076,1909f56bfc062723c751e8b465ee728b)
Start importing Assets/Materials/RGB_28ba88a8a0f249d2af65683d3bd7d73b_image-psd_-1-.mat using Guid(be3265a8aa8c7564a88c64ffca795024) Importer(815301076,1909f56bfc062723c751e8b465ee728b)  -> (artifact id: 'f89080b942318ee285d05864b8fa9ac3') in 0.012622 seconds
Number of updated asset objects reloaded before import = 0
Number of asset objects unloaded after import = 2
========================================================================
Received Import Request.
  Time since last request: 272.910150 seconds.
  path: Assets/pacman.fbx
  artifactKey: Guid(b809fbf239a7b8e4781db82b5af3c9fa) Importer(815301076,1909f56bfc062723c751e8b465ee728b)
Start importing Assets/pacman.fbx using Guid(b809fbf239a7b8e4781db82b5af3c9fa) Importer(815301076,1909f56bfc062723c751e8b465ee728b)  -> (artifact id: '6ad9fc20769a5574aed0096f54cd77fb') in 0.053979 seconds
Number of updated asset objects reloaded before import = 0
Number of asset objects unloaded after import = 23
